\BOOKMARK [1][-]{section.1}{Thesis Introduction}{}% 1
\BOOKMARK [1][-]{section.2}{The SNO+ Detector and SMELLIE}{}% 2
\BOOKMARK [1][-]{section.3}{SMELLIE Beam Profiling}{}% 3
\BOOKMARK [2][-]{subsection.3.1}{Previous attempts at SMELLIE event simulation}{section.3}% 4
\BOOKMARK [2][-]{subsection.3.2}{The new generator}{section.3}% 5
\BOOKMARK [2][-]{subsection.3.3}{Improving the beam profiles}{section.3}% 6
\BOOKMARK [2][-]{subsection.3.4}{Combining beam profile datasets}{section.3}% 7
\BOOKMARK [2][-]{subsection.3.5}{Results \046 Discussion}{section.3}% 8
\BOOKMARK [1][-]{section.4}{Thesis Outline}{}% 9
\BOOKMARK [2][-]{subsection.4.1}{The Theory of Neutrino Physics}{section.4}% 10
\BOOKMARK [2][-]{subsection.4.2}{The SNO+ Detector}{section.4}% 11
\BOOKMARK [2][-]{subsection.4.3}{Optical Scattering Theory}{section.4}% 12
\BOOKMARK [2][-]{subsection.4.4}{The SMELLIE Calibration System}{section.4}% 13
\BOOKMARK [2][-]{subsection.4.5}{Simulating SMELLIE Events}{section.4}% 14
\BOOKMARK [2][-]{subsection.4.6}{Scintillator-phase Scattering Analysis}{section.4}% 15
\BOOKMARK [3][-]{subsubsection.4.6.1}{Extinction-length Analysis}{subsection.4.6}% 16
\BOOKMARK [3][-]{subsubsection.4.6.2}{Internal Scintillator Analysis}{subsection.4.6}% 17
\BOOKMARK [2][-]{subsection.4.7}{Solar Neutrino Oscillation Analysis in Scintillator Phase}{section.4}% 18
\BOOKMARK [3][-]{subsubsection.4.7.1}{Sensitivity Study}{subsection.4.7}% 19
\BOOKMARK [3][-]{subsubsection.4.7.2}{First Analysis with Scintillator Data}{subsection.4.7}% 20
\BOOKMARK [2][-]{subsection.4.8}{Conclusions}{section.4}% 21
